<?xml version="1.0" encoding="UTF-8" ?>
<testsuite failures="0" time="0.728" errors="0" skipped="0" tests="53" name="smartrics.rest.fitnesse.fixture.RestFixtureTest">
  <properties>
[...]
</properties>
  <testcase time="0" classname="smartrics.rest.fitnesse.fixture.RestFixtureTest" name="mustExecuteVerbByOverridingBaseUriIfRowResourceIsAbsoluteUri"/>
  <testcase time="0" classname="smartrics.rest.fitnesse.fixture.RestFixtureTest" name="constructingWithOneFailsIfArgIsNotAnUri"/>
  <testcase time="0.018" classname="smartrics.rest.fitnesse.fixture.RestFixtureTest" name="mustExpectOnlySupportedVerbOnFirstCell"/>
  <testcase time="0.009" classname="smartrics.rest.fitnesse.fixture.RestFixtureTest" name="mustUseDefaultHeadersIfDefinedOnNamedConfig"/>
  <testcase time="0.003" classname="smartrics.rest.fitnesse.fixture.RestFixtureTest" name="mustSetConfigNameToDefaultWhenNotSpecifiedAsSecondOptionalParameter_SLIM"/>
  <testcase time="0.005" classname="smartrics.rest.fitnesse.fixture.RestFixtureTest" name="mustSetConfigNameToSpecifiedValueIfOptionalSecondParameterIsSpecified_SLIM"/>
  <testcase time="0.001" classname="smartrics.rest.fitnesse.fixture.RestFixtureTest" name="constructingWithOneArgShoudlStripAnyTagAndSetTheSUTUri"/>
  <testcase time="0.058" classname="smartrics.rest.fitnesse.fixture.RestFixtureTest" name="mustExecuteVerbOnAUriWithExcpectationsSetOnEachResponsePart_ExpectationsMatched"/>
  <testcase time="0" classname="smartrics.rest.fitnesse.fixture.RestFixtureTest" name="mustExecuteVerbOnAUriWithExcpectationsSetOnEachResponsePart_ExpectationsNotMatched"/>
  <testcase time="0.007" classname="smartrics.rest.fitnesse.fixture.RestFixtureTest" name="mustAllowGlobalStorageOfValuesExtractedViaRegexFromHeader"/>
  <testcase time="0.012" classname="smartrics.rest.fitnesse.fixture.RestFixtureTest" name="mustReportAsRTEWhenSettingAMissingBody"/>
  <testcase time="0.108" classname="smartrics.rest.fitnesse.fixture.RestFixtureTest" name="mustExpandSymbolSetWithLetWhenSettingHeaders"/>
  <testcase time="0.004" classname="smartrics.rest.fitnesse.fixture.RestFixtureTest" name="setBodyShouldRenderResolvedSymbols"/>
  <testcase time="0.096" classname="smartrics.rest.fitnesse.fixture.RestFixtureTest" name="mustSetValueOnSymbolMapAsXmlStringIfSourceIsBodyAsXml"/>
  <testcase time="0" classname="smartrics.rest.fitnesse.fixture.RestFixtureTest" name="mustAllowSetOfMultipartFileNameForFileUpload"/>
  <testcase time="0.016" classname="smartrics.rest.fitnesse.fixture.RestFixtureTest" name="mustExecuteVariableSubstitutionOnBodyForNextRequest"/>
  <testcase time="0.006" classname="smartrics.rest.fitnesse.fixture.RestFixtureTest" name="mustExecuteVerbOnAUriWithExcpectationsSetOnBody_JSON"/>
  <testcase time="0.009" classname="smartrics.rest.fitnesse.fixture.RestFixtureTest" name="mustExecuteVerbOnAUriWithExcpectationsSetOnBody_TEXT"/>
  <testcase time="0.009" classname="smartrics.rest.fitnesse.fixture.RestFixtureTest" name="mustMatchRequestsWithNoBodyExpressedAsNoBodyString"/>
  <testcase time="0.007" classname="smartrics.rest.fitnesse.fixture.RestFixtureTest" name="mustExecuteVerbOnAUriWithExcpectationsSetOnBody_XML"/>
  <testcase time="0.004" classname="smartrics.rest.fitnesse.fixture.RestFixtureTest" name="mustNotifyClientIfHTTPVerbInFirstCellIsNotSupported"/>
  <testcase time="0.003" classname="smartrics.rest.fitnesse.fixture.RestFixtureTest" name="mustAllowSettingHeaders"/>
  <testcase time="0.041" classname="smartrics.rest.fitnesse.fixture.RestFixtureTest" name="mustExecuteAllHttpVerbSupported"/>
  <testcase time="0.025" classname="smartrics.rest.fitnesse.fixture.RestFixtureTest" name="mustNotifyClientIfExpectedHeadersCellHasNotBeenSpecified"/>
  <testcase time="0.018" classname="smartrics.rest.fitnesse.fixture.RestFixtureTest" name="mustExpandSymbolWhenSettingHeaders"/>
  <testcase time="0" classname="smartrics.rest.fitnesse.fixture.RestFixtureTest" name="mustAllowRegexesWhenLetIsInvokedOnHeaders"/>
  <testcase time="0" classname="smartrics.rest.fitnesse.fixture.RestFixtureTest" name="mustReportAsRTEWhenSettingMissingMultipartFileParameterName"/>
  <testcase time="0.023" classname="smartrics.rest.fitnesse.fixture.RestFixtureTest" name="mustAllowGlobalStorageOfValuesExtractedViaXPathFromBody"/>
  <testcase time="0.047" classname="smartrics.rest.fitnesse.fixture.RestFixtureTest" name="mustSetValiueOnSymbolMapAsJsonStringIfSourceIsJs"/>
  <testcase time="0" classname="smartrics.rest.fitnesse.fixture.RestFixtureTest" name="mustReportAsExceptionWhenAttemptingToSetMissingMultipartFileName"/>
  <testcase time="0" classname="smartrics.rest.fitnesse.fixture.RestFixtureTest" name="mustUseValueOnSymbolMapEvenIfNotSetViaVariables"/>
  <testcase time="0.001" classname="smartrics.rest.fitnesse.fixture.RestFixtureTest" name="constructingWithOneArgShoudlBeTheSUTUri"/>
  <testcase time="0.011" classname="smartrics.rest.fitnesse.fixture.RestFixtureTest" name="mustNotifyClientIfExpectedBodyCellHasNotBeenSpecified"/>
  <testcase time="0.007" classname="smartrics.rest.fitnesse.fixture.RestFixtureTest" name="mustExecuteVerbOnAUriWithExcpectationsSetOnBody_TEXTWithHtml"/>
  <testcase time="0.004" classname="smartrics.rest.fitnesse.fixture.RestFixtureTest" name="mustReportToTheUserIfLetCellsAreMissing"/>
  <testcase time="0.011" classname="smartrics.rest.fitnesse.fixture.RestFixtureTest" name="mustExecuteVerbOnAUriWithNoExcpectationsOnRestResponseParts"/>
  <testcase time="0.02" classname="smartrics.rest.fitnesse.fixture.RestFixtureTest" name="mustReportToTheUserIfLetCantFindTheHandlerToHandleTheDesiredExpression"/>
  <testcase time="0" classname="smartrics.rest.fitnesse.fixture.RestFixtureTest" name="mustAllowSetOfMultipartFileParameterNameForFileUpload"/>
  <testcase time="0.003" classname="smartrics.rest.fitnesse.fixture.RestFixtureTest" name="mustReplaceVariablesInExpectedContentOfLetCell"/>
  <testcase time="0.008" classname="smartrics.rest.fitnesse.fixture.RestFixtureTest" name="mustExecutePOSTWithFileUploadWhenFileParamNameIsDefault"/>
  <testcase time="0.007" classname="smartrics.rest.fitnesse.fixture.RestFixtureTest" name="mustCaptureErrorsOnExpectationsAndDisplayThemInTheSameCell"/>
  <testcase time="0.09" classname="smartrics.rest.fitnesse.fixture.RestFixtureTest" name="mustAllowStorageOfValuesExtractedViaXPathsReturningStringValues"/>
  <testcase time="0" classname="smartrics.rest.fitnesse.fixture.RestFixtureTest" name="mustExpandSymbolsWhenSettingMultilineHeaders"/>
  <testcase time="0" classname="smartrics.rest.fitnesse.fixture.RestFixtureTest" name="mustNotSetValueOnSymbolMapIfVariableNameStartsWith$"/>
  <testcase time="0" classname="smartrics.rest.fitnesse.fixture.RestFixtureTest" name="mustRenderSymbolValueWhenSettingHeaders"/>
  <testcase time="0" classname="smartrics.rest.fitnesse.fixture.RestFixtureTest" name="mustReportAsRTEWhenSettingAMissingHeader"/>
  <testcase time="0.001" classname="smartrics.rest.fitnesse.fixture.RestFixtureTest" name="mustNotifyExceptionsWhenEvalJavascriptStrings"/>
  <testcase time="0.035" classname="smartrics.rest.fitnesse.fixture.RestFixtureTest" name="mustNotifyClientIfExpectedStatusCodeCellHasNotBeenSpecified"/>
  <testcase time="0" classname="smartrics.rest.fitnesse.fixture.RestFixtureTest" name="mustAllowMultilineHeadersWhenSettingHeaders"/>
  <testcase time="0" classname="smartrics.rest.fitnesse.fixture.RestFixtureTest" name="mustAllowSetOfFileNameForFileUpload"/>
  <testcase time="0" classname="smartrics.rest.fitnesse.fixture.RestFixtureTest" name="mustReportAsExceptionWhenSettingMissingFileName"/>
  <testcase time="0.001" classname="smartrics.rest.fitnesse.fixture.RestFixtureTest" name="mustEvalJavascriptStringsWithEval"/>
  <testcase time="0" classname="smartrics.rest.fitnesse.fixture.RestFixtureTest" name="mustExecuteVerbOnAUriWithExcpectationsSetOnHeaders"/>
</testsuite>